<?xml version="1.0" encoding="UTF-8"?>
<!-- Generated by org.testng.reporters.JUnitXMLReporter -->
<testsuite ignored="1" hostname="DESKTOP-FI8UJG3" failures="0" tests="7" name="Default test" time="7.315" errors="0" timestamp="2022-07-11T11:37:18 IST">
  <testcase classname="jiraApiAutomation.JiraApiAutomation" name="loginToJira" time="2.551"/>
  <testcase classname="jiraApiAutomation.JiraApiAutomation" name="addBugIssue" time="1.731"/>
  <testcase classname="jiraApiAutomation.JiraApiAutomation" name="addBugComment" time="0.321"/>
  <testcase classname="jiraApiAutomation.JiraApiAutomation" name="updateBugComment" time="0.246"/>
  <testcase classname="jiraApiAutomation.JiraApiAutomation" name="addAttachmentToBug" time="0.841"/>
  <testcase classname="jiraApiAutomation.JiraApiAutomation" name="verifyBugAndIssue" time="0.336"/>
  <testcase classname="jiraApiAutomation.JiraApiAutomation" name="logoutSession" time="0.165"/>
  <testcase classname="jiraApiAutomation.JiraApiAutomation" name="deleteBugIssue" time="0.0">
    <ignored/>
  </testcase> <!-- deleteBugIssue -->
</testsuite> <!-- Default test -->
