<?xml version="1.0" encoding="UTF-8"?>
<testng-results ignored="1" total="8" passed="7" failed="0" skipped="0">
  <reporter-output>
  </reporter-output>
  <suite started-at="2022-07-11T11:37:10 IST" name="Default suite" finished-at="2022-07-11T11:37:18 IST" duration-ms="7315">
    <groups>
    </groups>
    <test started-at="2022-07-11T11:37:10 IST" name="Default test" finished-at="2022-07-11T11:37:18 IST" duration-ms="7315">
      <class name="jiraApiAutomation.JiraApiAutomation">
        <test-method is-config="true" signature="setBaseURI()[pri:0, instance:jiraApiAutomation.JiraApiAutomation@25fb8912]" started-at="2022-07-11T11:37:10 IST" name="setBaseURI" finished-at="2022-07-11T11:37:11 IST" duration-ms="952" status="PASS">
          <reporter-output>
          </reporter-output>
        </test-method> <!-- setBaseURI -->
        <test-method signature="loginToJira()[pri:1, instance:jiraApiAutomation.JiraApiAutomation@25fb8912]" started-at="2022-07-11T11:37:11 IST" name="loginToJira" finished-at="2022-07-11T11:37:14 IST" duration-ms="2551" status="PASS">
          <reporter-output>
          </reporter-output>
        </test-method> <!-- loginToJira -->
        <test-method signature="addBugIssue()[pri:2, instance:jiraApiAutomation.JiraApiAutomation@25fb8912]" started-at="2022-07-11T11:37:14 IST" name="addBugIssue" finished-at="2022-07-11T11:37:16 IST" depends-on-methods="jiraApiAutomation.JiraApiAutomation.loginToJira" duration-ms="1731" status="PASS">
          <reporter-output>
          </reporter-output>
        </test-method> <!-- addBugIssue -->
        <test-method signature="addBugComment()[pri:3, instance:jiraApiAutomation.JiraApiAutomation@25fb8912]" started-at="2022-07-11T11:37:16 IST" name="addBugComment" finished-at="2022-07-11T11:37:16 IST" depends-on-methods="jiraApiAutomation.JiraApiAutomation.addBugIssue" duration-ms="321" status="PASS">
          <reporter-output>
          </reporter-output>
        </test-method> <!-- addBugComment -->
        <test-method signature="updateBugComment()[pri:4, instance:jiraApiAutomation.JiraApiAutomation@25fb8912]" started-at="2022-07-11T11:37:16 IST" name="updateBugComment" finished-at="2022-07-11T11:37:16 IST" depends-on-methods="jiraApiAutomation.JiraApiAutomation.addBugIssue" duration-ms="246" status="PASS">
          <reporter-output>
          </reporter-output>
        </test-method> <!-- updateBugComment -->
        <test-method signature="addAttachmentToBug()[pri:5, instance:jiraApiAutomation.JiraApiAutomation@25fb8912]" started-at="2022-07-11T11:37:16 IST" name="addAttachmentToBug" finished-at="2022-07-11T11:37:17 IST" depends-on-methods="jiraApiAutomation.JiraApiAutomation.addBugIssue" duration-ms="841" status="PASS">
          <reporter-output>
          </reporter-output>
        </test-method> <!-- addAttachmentToBug -->
        <test-method signature="verifyBugAndIssue()[pri:6, instance:jiraApiAutomation.JiraApiAutomation@25fb8912]" started-at="2022-07-11T11:37:17 IST" name="verifyBugAndIssue" finished-at="2022-07-11T11:37:18 IST" depends-on-methods="jiraApiAutomation.JiraApiAutomation.addBugIssue" duration-ms="336" status="PASS">
          <reporter-output>
          </reporter-output>
        </test-method> <!-- verifyBugAndIssue -->
        <test-method signature="logoutSession()[pri:8, instance:jiraApiAutomation.JiraApiAutomation@25fb8912]" started-at="2022-07-11T11:37:18 IST" name="logoutSession" finished-at="2022-07-11T11:37:18 IST" depends-on-methods="jiraApiAutomation.JiraApiAutomation.loginToJira" duration-ms="165" status="PASS">
          <reporter-output>
          </reporter-output>
        </test-method> <!-- logoutSession -->
      </class> <!-- jiraApiAutomation.JiraApiAutomation -->
    </test> <!-- Default test -->
  </suite> <!-- Default suite -->
</testng-results>
