<?xml version="1.0" encoding="UTF-8"?>
<testng-results ignored="0" total="2" passed="2" failed="0" skipped="0">
  <reporter-output>
  </reporter-output>
  <suite started-at="2022-07-13T21:28:20 IST" name="Default suite" finished-at="2022-07-13T21:28:28 IST" duration-ms="8062">
    <groups>
    </groups>
    <test started-at="2022-07-13T21:28:20 IST" name="Default test" finished-at="2022-07-13T21:28:28 IST" duration-ms="8062">
      <class name="deserialization.DeserilizeTest">
        <test-method is-config="true" signature="baseURI()[pri:0, instance:deserialization.DeserilizeTest@121314f7]" started-at="2022-07-13T21:28:20 IST" name="baseURI" finished-at="2022-07-13T21:28:21 IST" duration-ms="940" status="PASS">
          <reporter-output>
          </reporter-output>
        </test-method> <!-- baseURI -->
        <test-method signature="postPlace()[pri:1, instance:deserialization.DeserilizeTest@121314f7]" started-at="2022-07-13T21:28:21 IST" name="postPlace" finished-at="2022-07-13T21:28:27 IST" duration-ms="5863" status="PASS">
          <reporter-output>
          </reporter-output>
        </test-method> <!-- postPlace -->
        <test-method is-config="true" signature="baseURI()[pri:0, instance:deserialization.DeserilizeTest@121314f7]" started-at="2022-07-13T21:28:27 IST" name="baseURI" finished-at="2022-07-13T21:28:27 IST" duration-ms="1" status="PASS">
          <reporter-output>
          </reporter-output>
        </test-method> <!-- baseURI -->
        <test-method signature="getPlace()[pri:2, instance:deserialization.DeserilizeTest@121314f7]" started-at="2022-07-13T21:28:27 IST" name="getPlace" finished-at="2022-07-13T21:28:28 IST" depends-on-methods="deserialization.DeserilizeTest.postPlace" duration-ms="1116" status="PASS">
          <reporter-output>
          </reporter-output>
        </test-method> <!-- getPlace -->
      </class> <!-- deserialization.DeserilizeTest -->
    </test> <!-- Default test -->
  </suite> <!-- Default suite -->
</testng-results>
